2025-07-11 03:02:52,997 WARNING database DDL Query made to DB:
create table `tabProcess Statement Of Accounts` (
			name varchar(140) primary key,
			creation datetime(6),
			modified datetime(6),
			modified_by varchar(140),
			owner varchar(140),
			docstatus tinyint not null default '0',
			idx int not null default '0',
			`report` varchar(140),
`from_date` date,
`posting_date` date,
`company` varchar(140),
`account` varchar(140),
`categorize_by` varchar(140) DEFAULT 'Categorize by Voucher (Consolidated)',
`territory` varchar(140),
`ignore_exchange_rate_revaluation_journals` tinyint(4) NOT NULL DEFAULT 0,
`ignore_cr_dr_notes` tinyint(4) NOT NULL DEFAULT 0,
`to_date` date,
`finance_book` varchar(140),
`currency` varchar(140),
`payment_terms_template` varchar(140),
`sales_partner` varchar(140),
`sales_person` varchar(140),
`show_remarks` tinyint(4) NOT NULL DEFAULT 0,
`based_on_payment_terms` tinyint(4) NOT NULL DEFAULT 0,
`customer_collection` varchar(140),
`collection_name` varchar(140),
`primary_mandatory` tinyint(4) NOT NULL DEFAULT 1,
`show_net_values_in_party_account` tinyint(4) NOT NULL DEFAULT 0,
`orientation` varchar(140),
`include_break` tinyint(4) NOT NULL DEFAULT 1,
`include_ageing` tinyint(4) NOT NULL DEFAULT 0,
`ageing_based_on` varchar(140) DEFAULT 'Due Date',
`letter_head` varchar(140),
`terms_and_conditions` varchar(140),
`enable_auto_email` tinyint(4) NOT NULL DEFAULT 0,
`sender` varchar(140),
`frequency` varchar(140),
`filter_duration` int(11) NOT NULL DEFAULT 1,
`start_date` date,
`pdf_name` varchar(140),
`subject` varchar(140),
`body` longtext,
`_user_tags` text,
`_comments` text,
`_assign` text,
`_liked_by` text,
index creation(creation))
			ENGINE=InnoDB
			ROW_FORMAT=DYNAMIC
			CHARACTER SET=utf8mb4
			COLLATE=utf8mb4_unicode_ci
2025-07-11 03:02:53,103 WARNING database DDL Query made to DB:
create table `tabBank Account Type` (
			name varchar(140) primary key,
			creation datetime(6),
			modified datetime(6),
			modified_by varchar(140),
			owner varchar(140),
			docstatus tinyint not null default '0',
			idx int not null default '0',
			`account_type` varchar(140) UNIQUE,
`_user_tags` text,
`_comments` text,
`_assign` text,
`_liked_by` text,
index creation(creation))
			ENGINE=InnoDB
			ROW_FORMAT=DYNAMIC
			CHARACTER SET=utf8mb4
			COLLATE=utf8mb4_unicode_ci
2025-07-11 03:02:53,135 WARNING database DDL Query made to DB:
create table `tabLedger Merge Accounts` (
			name varchar(140) primary key,
			creation datetime(6),
			modified datetime(6),
			modified_by varchar(140),
			owner varchar(140),
			docstatus tinyint not null default '0',
			idx int not null default '0',
			`account` varchar(140),
`account_name` varchar(140),
`merged` tinyint(4) NOT NULL DEFAULT 0,
parent varchar(140),
parentfield varchar(140),
parenttype varchar(140),
index parent(parent))
			ENGINE=InnoDB
			ROW_FORMAT=DYNAMIC
			CHARACTER SET=utf8mb4
			COLLATE=utf8mb4_unicode_ci
2025-07-11 03:02:53,180 WARNING database DDL Query made to DB:
create table `tabJournal Entry Account` (
			name varchar(140) primary key,
			creation datetime(6),
			modified datetime(6),
			modified_by varchar(140),
			owner varchar(140),
			docstatus tinyint not null default '0',
			idx int not null default '0',
			`account` varchar(140),
`account_type` varchar(140),
`bank_account` varchar(140),
`party_type` varchar(140),
`party` varchar(140),
`cost_center` varchar(140),
`project` varchar(140),
`account_currency` varchar(140),
`exchange_rate` decimal(21,9) NOT NULL DEFAULT 0.0,
`debit_in_account_currency` decimal(21,9) NOT NULL DEFAULT 0.0,
`debit` decimal(21,9) NOT NULL DEFAULT 0.0,
`credit_in_account_currency` decimal(21,9) NOT NULL DEFAULT 0.0,
`credit` decimal(21,9) NOT NULL DEFAULT 0.0,
`reference_type` varchar(140),
`reference_name` varchar(140),
`reference_due_date` date,
`reference_detail_no` varchar(140),
`is_advance` varchar(140),
`user_remark` text,
`against_account` text,
index `account`(`account`),
index `party_type`(`party_type`),
index `reference_type`(`reference_type`),
index `reference_name`(`reference_name`),
parent varchar(140),
parentfield varchar(140),
parenttype varchar(140),
index parent(parent))
			ENGINE=InnoDB
			ROW_FORMAT=DYNAMIC
			CHARACTER SET=utf8mb4
			COLLATE=utf8mb4_unicode_ci
2025-07-11 03:02:53,213 WARNING database DDL Query made to DB:
create table `tabPOS Invoice Reference` (
			name varchar(140) primary key,
			creation datetime(6),
			modified datetime(6),
			modified_by varchar(140),
			owner varchar(140),
			docstatus tinyint not null default '0',
			idx int not null default '0',
			`pos_invoice` varchar(140),
`posting_date` date,
`customer` varchar(140),
`grand_total` decimal(21,9) NOT NULL DEFAULT 0.0,
`is_return` tinyint(4) NOT NULL DEFAULT 0,
`return_against` varchar(140),
parent varchar(140),
parentfield varchar(140),
parenttype varchar(140),
index parent(parent))
			ENGINE=InnoDB
			ROW_FORMAT=DYNAMIC
			CHARACTER SET=utf8mb4
			COLLATE=utf8mb4_unicode_ci
2025-07-11 03:02:53,312 WARNING database DDL Query made to DB:
create table `tabShare Transfer` (
			name varchar(140) primary key,
			creation datetime(6),
			modified datetime(6),
			modified_by varchar(140),
			owner varchar(140),
			docstatus tinyint not null default '0',
			idx int not null default '0',
			`transfer_type` varchar(140),
`date` date,
`from_shareholder` varchar(140),
`from_folio_no` varchar(140),
`to_shareholder` varchar(140),
`to_folio_no` varchar(140),
`equity_or_liability_account` varchar(140),
`asset_account` varchar(140),
`share_type` varchar(140),
`from_no` int(11) NOT NULL DEFAULT 0,
`rate` decimal(21,9) NOT NULL DEFAULT 0.0,
`no_of_shares` int(11) NOT NULL DEFAULT 0,
`to_no` int(11) NOT NULL DEFAULT 0,
`amount` decimal(21,9) NOT NULL DEFAULT 0.0,
`company` varchar(140),
`remarks` longtext,
`amended_from` varchar(140),
`_user_tags` text,
`_comments` text,
`_assign` text,
`_liked_by` text,
index creation(creation))
			ENGINE=InnoDB
			ROW_FORMAT=DYNAMIC
			CHARACTER SET=utf8mb4
			COLLATE=utf8mb4_unicode_ci
2025-07-11 03:02:53,350 WARNING database DDL Query made to DB:
create table `tabShareholder` (
			name varchar(140) primary key,
			creation datetime(6),
			modified datetime(6),
			modified_by varchar(140),
			owner varchar(140),
			docstatus tinyint not null default '0',
			idx int not null default '0',
			`title` varchar(140),
`naming_series` varchar(140),
`folio_no` varchar(140) UNIQUE,
`company` varchar(140),
`is_company` tinyint(4) NOT NULL DEFAULT 0,
`contact_list` longtext,
`_user_tags` text,
`_comments` text,
`_assign` text,
`_liked_by` text,
index creation(creation))
			ENGINE=InnoDB
			ROW_FORMAT=DYNAMIC
			CHARACTER SET=utf8mb4
			COLLATE=utf8mb4_unicode_ci
2025-07-11 03:02:53,384 WARNING database DDL Query made to DB:
create table `tabCurrency Exchange Settings Result` (
			name varchar(140) primary key,
			creation datetime(6),
			modified datetime(6),
			modified_by varchar(140),
			owner varchar(140),
			docstatus tinyint not null default '0',
			idx int not null default '0',
			`key` varchar(140),
parent varchar(140),
parentfield varchar(140),
parenttype varchar(140),
index parent(parent))
			ENGINE=InnoDB
			ROW_FORMAT=DYNAMIC
			CHARACTER SET=utf8mb4
			COLLATE=utf8mb4_unicode_ci
2025-07-11 03:02:53,420 WARNING database DDL Query made to DB:
create table `tabFiscal Year` (
			name varchar(140) primary key,
			creation datetime(6),
			modified datetime(6),
			modified_by varchar(140),
			owner varchar(140),
			docstatus tinyint not null default '0',
			idx int not null default '0',
			`year` varchar(140) UNIQUE,
`disabled` tinyint(4) NOT NULL DEFAULT 0,
`is_short_year` tinyint(4) NOT NULL DEFAULT 0,
`year_start_date` date,
`year_end_date` date,
`auto_created` tinyint(4) NOT NULL DEFAULT 0,
`_user_tags` text,
`_comments` text,
`_assign` text,
`_liked_by` text,
index creation(creation))
			ENGINE=InnoDB
			ROW_FORMAT=DYNAMIC
			CHARACTER SET=utf8mb4
			COLLATE=utf8mb4_unicode_ci
2025-07-11 03:02:53,469 WARNING database DDL Query made to DB:
create table `tabJournal Entry Template` (
			name varchar(140) primary key,
			creation datetime(6),
			modified datetime(6),
			modified_by varchar(140),
			owner varchar(140),
			docstatus tinyint not null default '0',
			idx int not null default '0',
			`template_title` varchar(140) UNIQUE,
`voucher_type` varchar(140),
`naming_series` varchar(140),
`company` varchar(140),
`is_opening` varchar(140) DEFAULT 'No',
`multi_currency` tinyint(4) NOT NULL DEFAULT 0,
`_user_tags` text,
`_comments` text,
`_assign` text,
`_liked_by` text,
index creation(creation))
			ENGINE=InnoDB
			ROW_FORMAT=DYNAMIC
			CHARACTER SET=utf8mb4
			COLLATE=utf8mb4_unicode_ci
2025-07-11 03:02:53,572 WARNING database DDL Query made to DB:
create table `tabPayment Entry` (
			name varchar(140) primary key,
			creation datetime(6),
			modified datetime(6),
			modified_by varchar(140),
			owner varchar(140),
			docstatus tinyint not null default '0',
			idx int not null default '0',
			`naming_series` varchar(140),
`payment_type` varchar(140),
`payment_order_status` varchar(140),
`posting_date` date,
`company` varchar(140),
`mode_of_payment` varchar(140),
`party_type` varchar(140),
`party` varchar(140),
`party_name` varchar(140),
`book_advance_payments_in_separate_party_account` tinyint(4) NOT NULL DEFAULT 0,
`reconcile_on_advance_payment_date` tinyint(4) NOT NULL DEFAULT 0,
`bank_account` varchar(140),
`party_bank_account` varchar(140),
`contact_person` varchar(140),
`contact_email` varchar(140),
`paid_from` varchar(140),
`paid_from_account_type` varchar(140),
`paid_from_account_currency` varchar(140),
`paid_to` varchar(140),
`paid_to_account_type` varchar(140),
`paid_to_account_currency` varchar(140),
`paid_amount` decimal(21,9) NOT NULL DEFAULT 0.0,
`paid_amount_after_tax` decimal(21,9) NOT NULL DEFAULT 0.0,
`source_exchange_rate` decimal(21,9) NOT NULL DEFAULT 0.0,
`base_paid_amount` decimal(21,9) NOT NULL DEFAULT 0.0,
`base_paid_amount_after_tax` decimal(21,9) NOT NULL DEFAULT 0.0,
`received_amount` decimal(21,9) NOT NULL DEFAULT 0.0,
`received_amount_after_tax` decimal(21,9) NOT NULL DEFAULT 0.0,
`target_exchange_rate` decimal(21,9) NOT NULL DEFAULT 0.0,
`base_received_amount` decimal(21,9) NOT NULL DEFAULT 0.0,
`base_received_amount_after_tax` decimal(21,9) NOT NULL DEFAULT 0.0,
`total_allocated_amount` decimal(21,9) NOT NULL DEFAULT 0.0,
`base_total_allocated_amount` decimal(21,9) NOT NULL DEFAULT 0.0,
`unallocated_amount` decimal(21,9) NOT NULL DEFAULT 0.0,
`difference_amount` decimal(21,9) NOT NULL DEFAULT 0.0,
`purchase_taxes_and_charges_template` varchar(140),
`sales_taxes_and_charges_template` varchar(140),
`apply_tax_withholding_amount` tinyint(4) NOT NULL DEFAULT 0,
`tax_withholding_category` varchar(140),
`base_total_taxes_and_charges` decimal(21,9) NOT NULL DEFAULT 0.0,
`total_taxes_and_charges` decimal(21,9) NOT NULL DEFAULT 0.0,
`reference_no` varchar(140),
`reference_date` date,
`clearance_date` date,
`project` varchar(140),
`cost_center` varchar(140),
`status` varchar(140) DEFAULT 'Draft',
`custom_remarks` tinyint(4) NOT NULL DEFAULT 0,
`remarks` text,
`base_in_words` text,
`is_opening` varchar(140) DEFAULT 'No',
`letter_head` varchar(140),
`print_heading` varchar(140),
`bank` varchar(140),
`bank_account_no` varchar(140),
`payment_order` varchar(140),
`in_words` text,
`auto_repeat` varchar(140),
`amended_from` varchar(140),
`title` varchar(140),
`_user_tags` text,
`_comments` text,
`_assign` text,
`_liked_by` text,
index `party_type`(`party_type`),
index `reference_date`(`reference_date`),
index `is_opening`(`is_opening`),
index creation(creation))
			ENGINE=InnoDB
			ROW_FORMAT=DYNAMIC
			CHARACTER SET=utf8mb4
			COLLATE=utf8mb4_unicode_ci
2025-07-11 03:02:53,622 WARNING database DDL Query made to DB:
create table `tabDunning Letter Text` (
			name varchar(140) primary key,
			creation datetime(6),
			modified datetime(6),
			modified_by varchar(140),
			owner varchar(140),
			docstatus tinyint not null default '0',
			idx int not null default '0',
			`language` varchar(140),
`is_default_language` tinyint(4) NOT NULL DEFAULT 0,
`body_text` longtext,
`closing_text` longtext,
parent varchar(140),
parentfield varchar(140),
parenttype varchar(140),
index parent(parent))
			ENGINE=InnoDB
			ROW_FORMAT=DYNAMIC
			CHARACTER SET=utf8mb4
			COLLATE=utf8mb4_unicode_ci
2025-07-11 03:02:53,652 WARNING database DDL Query made to DB:
create table `tabPSOA Cost Center` (
			name varchar(140) primary key,
			creation datetime(6),
			modified datetime(6),
			modified_by varchar(140),
			owner varchar(140),
			docstatus tinyint not null default '0',
			idx int not null default '0',
			`cost_center_name` varchar(140),
parent varchar(140),
parentfield varchar(140),
parenttype varchar(140),
index parent(parent))
			ENGINE=InnoDB
			ROW_FORMAT=DYNAMIC
			CHARACTER SET=utf8mb4
			COLLATE=utf8mb4_unicode_ci
2025-07-11 03:02:53,693 WARNING database DDL Query made to DB:
create table `tabRepost Payment Ledger` (
			name varchar(140) primary key,
			creation datetime(6),
			modified datetime(6),
			modified_by varchar(140),
			owner varchar(140),
			docstatus tinyint not null default '0',
			idx int not null default '0',
			`company` varchar(140),
`posting_date` date,
`voucher_type` varchar(140),
`add_manually` tinyint(4) NOT NULL DEFAULT 0,
`repost_status` varchar(140),
`repost_error_log` longtext,
`amended_from` varchar(140),
`_user_tags` text,
`_comments` text,
`_assign` text,
`_liked_by` text,
index creation(creation))
			ENGINE=InnoDB
			ROW_FORMAT=DYNAMIC
			CHARACTER SET=utf8mb4
			COLLATE=utf8mb4_unicode_ci
2025-07-11 03:02:53,727 WARNING database DDL Query made to DB:
create table `tabPurchase Taxes and Charges Template` (
			name varchar(140) primary key,
			creation datetime(6),
			modified datetime(6),
			modified_by varchar(140),
			owner varchar(140),
			docstatus tinyint not null default '0',
			idx int not null default '0',
			`title` varchar(140),
`is_default` tinyint(4) NOT NULL DEFAULT 0,
`disabled` tinyint(4) NOT NULL DEFAULT 0,
`company` varchar(140),
`tax_category` varchar(140),
`_user_tags` text,
`_comments` text,
`_assign` text,
`_liked_by` text,
index creation(creation))
			ENGINE=InnoDB
			ROW_FORMAT=DYNAMIC
			CHARACTER SET=utf8mb4
			COLLATE=utf8mb4_unicode_ci
2025-07-11 03:02:53,767 WARNING database DDL Query made to DB:
create table `tabSales Invoice Advance` (
			name varchar(140) primary key,
			creation datetime(6),
			modified datetime(6),
			modified_by varchar(140),
			owner varchar(140),
			docstatus tinyint not null default '0',
			idx int not null default '0',
			`reference_type` varchar(140),
`reference_name` varchar(140),
`remarks` text,
`reference_row` varchar(140),
`advance_amount` decimal(21,9) NOT NULL DEFAULT 0.0,
`allocated_amount` decimal(21,9) NOT NULL DEFAULT 0.0,
`exchange_gain_loss` decimal(21,9) NOT NULL DEFAULT 0.0,
`ref_exchange_rate` decimal(21,9) NOT NULL DEFAULT 0.0,
`difference_posting_date` date,
parent varchar(140),
parentfield varchar(140),
parenttype varchar(140),
index parent(parent))
			ENGINE=InnoDB
			ROW_FORMAT=DYNAMIC
			CHARACTER SET=utf8mb4
			COLLATE=utf8mb4_unicode_ci
2025-07-11 03:02:53,826 WARNING database DDL Query made to DB:
create table `tabRepost Accounting Ledger Items` (
			name varchar(140) primary key,
			creation datetime(6),
			modified datetime(6),
			modified_by varchar(140),
			owner varchar(140),
			docstatus tinyint not null default '0',
			idx int not null default '0',
			`voucher_type` varchar(140),
`voucher_no` varchar(140),
parent varchar(140),
parentfield varchar(140),
parenttype varchar(140),
index parent(parent))
			ENGINE=InnoDB
			ROW_FORMAT=DYNAMIC
			CHARACTER SET=utf8mb4
			COLLATE=utf8mb4_unicode_ci
2025-07-11 03:02:53,898 WARNING database DDL Query made to DB:
create table `tabCost Center Allocation` (
			name varchar(140) primary key,
			creation datetime(6),
			modified datetime(6),
			modified_by varchar(140),
			owner varchar(140),
			docstatus tinyint not null default '0',
			idx int not null default '0',
			`main_cost_center` varchar(140),
`company` varchar(140),
`valid_from` date,
`amended_from` varchar(140),
`_user_tags` text,
`_comments` text,
`_assign` text,
`_liked_by` text,
index creation(creation))
			ENGINE=InnoDB
			ROW_FORMAT=DYNAMIC
			CHARACTER SET=utf8mb4
			COLLATE=utf8mb4_unicode_ci
2025-07-11 03:02:53,946 WARNING database DDL Query made to DB:
create table `tabInvoice Discounting` (
			name varchar(140) primary key,
			creation datetime(6),
			modified datetime(6),
			modified_by varchar(140),
			owner varchar(140),
			docstatus tinyint not null default '0',
			idx int not null default '0',
			`posting_date` date,
`loan_start_date` date,
`loan_period` int(11) NOT NULL DEFAULT 0,
`loan_end_date` date,
`status` varchar(140),
`company` varchar(140),
`total_amount` decimal(21,9) NOT NULL DEFAULT 0.0,
`bank_charges` decimal(21,9) NOT NULL DEFAULT 0.0,
`short_term_loan` varchar(140),
`bank_account` varchar(140),
`bank_charges_account` varchar(140),
`accounts_receivable_credit` varchar(140),
`accounts_receivable_discounted` varchar(140),
`accounts_receivable_unpaid` varchar(140),
`amended_from` varchar(140),
`_user_tags` text,
`_comments` text,
`_assign` text,
`_liked_by` text,
index creation(creation))
			ENGINE=InnoDB
			ROW_FORMAT=DYNAMIC
			CHARACTER SET=utf8mb4
			COLLATE=utf8mb4_unicode_ci
2025-07-11 03:02:54,009 WARNING database DDL Query made to DB:
create table `tabApplicable On Account` (
			name varchar(140) primary key,
			creation datetime(6),
			modified datetime(6),
			modified_by varchar(140),
			owner varchar(140),
			docstatus tinyint not null default '0',
			idx int not null default '0',
			`applicable_on_account` varchar(140),
`is_mandatory` tinyint(4) NOT NULL DEFAULT 0,
parent varchar(140),
parentfield varchar(140),
parenttype varchar(140),
index parent(parent))
			ENGINE=InnoDB
			ROW_FORMAT=DYNAMIC
			CHARACTER SET=utf8mb4
			COLLATE=utf8mb4_unicode_ci
2025-07-11 03:02:54,044 WARNING database DDL Query made to DB:
create table `tabPayment Entry Deduction` (
			name varchar(140) primary key,
			creation datetime(6),
			modified datetime(6),
			modified_by varchar(140),
			owner varchar(140),
			docstatus tinyint not null default '0',
			idx int not null default '0',
			`account` varchar(140),
`cost_center` varchar(140),
`amount` decimal(21,9) NOT NULL DEFAULT 0.0,
`is_exchange_gain_loss` tinyint(4) NOT NULL DEFAULT 0,
`description` text,
parent varchar(140),
parentfield varchar(140),
parenttype varchar(140),
index parent(parent))
			ENGINE=InnoDB
			ROW_FORMAT=DYNAMIC
			CHARACTER SET=utf8mb4
			COLLATE=utf8mb4_unicode_ci
2025-07-11 03:02:54,099 WARNING database DDL Query made to DB:
create table `tabTax Rule` (
			name varchar(140) primary key,
			creation datetime(6),
			modified datetime(6),
			modified_by varchar(140),
			owner varchar(140),
			docstatus tinyint not null default '0',
			idx int not null default '0',
			`tax_type` varchar(140) DEFAULT 'Sales',
`use_for_shopping_cart` tinyint(4) NOT NULL DEFAULT 1,
`sales_tax_template` varchar(140),
`purchase_tax_template` varchar(140),
`customer` varchar(140),
`supplier` varchar(140),
`item` varchar(140),
`billing_city` varchar(140),
`billing_county` varchar(140),
`billing_state` varchar(140),
`billing_zipcode` varchar(140),
`billing_country` varchar(140),
`tax_category` varchar(140),
`customer_group` varchar(140),
`supplier_group` varchar(140),
`item_group` varchar(140),
`shipping_city` varchar(140),
`shipping_county` varchar(140),
`shipping_state` varchar(140),
`shipping_zipcode` varchar(140),
`shipping_country` varchar(140),
`from_date` date,
`to_date` date,
`priority` int(11) NOT NULL DEFAULT 1,
`company` varchar(140),
`_user_tags` text,
`_comments` text,
`_assign` text,
`_liked_by` text,
index creation(creation))
			ENGINE=InnoDB
			ROW_FORMAT=DYNAMIC
			CHARACTER SET=utf8mb4
			COLLATE=utf8mb4_unicode_ci
2025-07-11 03:02:54,130 WARNING database DDL Query made to DB:
create table `tabRepost Allowed Types` (
			name varchar(140) primary key,
			creation datetime(6),
			modified datetime(6),
			modified_by varchar(140),
			owner varchar(140),
			docstatus tinyint not null default '0',
			idx int not null default '0',
			`document_type` varchar(140),
`allowed` tinyint(4) NOT NULL DEFAULT 0,
parent varchar(140),
parentfield varchar(140),
parenttype varchar(140),
index parent(parent))
			ENGINE=InnoDB
			ROW_FORMAT=DYNAMIC
			CHARACTER SET=utf8mb4
			COLLATE=utf8mb4_unicode_ci
2025-07-11 03:02:54,162 WARNING database DDL Query made to DB:
create table `tabPricing Rule Detail` (
			name varchar(140) primary key,
			creation datetime(6),
			modified datetime(6),
			modified_by varchar(140),
			owner varchar(140),
			docstatus tinyint not null default '0',
			idx int not null default '0',
			`pricing_rule` varchar(140),
`item_code` varchar(140),
`margin_type` varchar(140),
`rate_or_discount` varchar(140),
`child_docname` varchar(140),
`rule_applied` tinyint(4) NOT NULL DEFAULT 1,
parent varchar(140),
parentfield varchar(140),
parenttype varchar(140),
index parent(parent))
			ENGINE=InnoDB
			ROW_FORMAT=DYNAMIC
			CHARACTER SET=utf8mb4
			COLLATE=utf8mb4_unicode_ci
2025-07-11 03:02:54,196 WARNING database DDL Query made to DB:
create table `tabDiscounted Invoice` (
			name varchar(140) primary key,
			creation datetime(6),
			modified datetime(6),
			modified_by varchar(140),
			owner varchar(140),
			docstatus tinyint not null default '0',
			idx int not null default '0',
			`sales_invoice` varchar(140),
`customer` varchar(140),
`posting_date` date,
`outstanding_amount` decimal(21,9) NOT NULL DEFAULT 0.0,
`debit_to` varchar(140),
index `sales_invoice`(`sales_invoice`),
parent varchar(140),
parentfield varchar(140),
parenttype varchar(140),
index parent(parent))
			ENGINE=InnoDB
			ROW_FORMAT=DYNAMIC
			CHARACTER SET=utf8mb4
			COLLATE=utf8mb4_unicode_ci
2025-07-11 03:02:54,226 WARNING database DDL Query made to DB:
create table `tabPOS Opening Entry Detail` (
			name varchar(140) primary key,
			creation datetime(6),
			modified datetime(6),
			modified_by varchar(140),
			owner varchar(140),
			docstatus tinyint not null default '0',
			idx int not null default '0',
			`mode_of_payment` varchar(140),
`opening_amount` decimal(21,9) NOT NULL DEFAULT 0.0,
parent varchar(140),
parentfield varchar(140),
parenttype varchar(140),
index parent(parent))
			ENGINE=InnoDB
			ROW_FORMAT=DYNAMIC
			CHARACTER SET=utf8mb4
			COLLATE=utf8mb4_unicode_ci
2025-07-11 03:02:54,262 WARNING database DDL Query made to DB:
create sequence if not exists bisect_nodes_id_seq nocache nocycle
2025-07-11 03:02:54,265 WARNING database DDL Query made to DB:
create table `tabBisect Nodes` (
			name bigint primary key,
			creation datetime(6),
			modified datetime(6),
			modified_by varchar(140),
			owner varchar(140),
			docstatus tinyint not null default '0',
			idx int not null default '0',
			`root` varchar(140),
`left_child` varchar(140),
`right_child` varchar(140),
`period_from_date` datetime(6),
`period_to_date` datetime(6),
`difference` decimal(21,9) NOT NULL DEFAULT 0.0,
`balance_sheet_summary` decimal(21,9) NOT NULL DEFAULT 0.0,
`profit_loss_summary` decimal(21,9) NOT NULL DEFAULT 0.0,
`generated` tinyint(4) NOT NULL DEFAULT 0,
`_user_tags` text,
`_comments` text,
`_assign` text,
`_liked_by` text,
index creation(creation))
			ENGINE=InnoDB
			ROW_FORMAT=DYNAMIC
			CHARACTER SET=utf8mb4
			COLLATE=utf8mb4_unicode_ci
2025-07-11 03:02:54,308 WARNING database DDL Query made to DB:
create table `tabSubscription Plan` (
			name varchar(140) primary key,
			creation datetime(6),
			modified datetime(6),
			modified_by varchar(140),
			owner varchar(140),
			docstatus tinyint not null default '0',
			idx int not null default '0',
			`plan_name` varchar(140) UNIQUE,
`currency` varchar(140),
`item` varchar(140),
`price_determination` varchar(140),
`cost` decimal(21,9) NOT NULL DEFAULT 0.0,
`price_list` varchar(140),
`billing_interval` varchar(140) DEFAULT 'Day',
`billing_interval_count` int(11) NOT NULL DEFAULT 1,
`product_price_id` varchar(140),
`payment_gateway` varchar(140),
`cost_center` varchar(140),
`_user_tags` text,
`_comments` text,
`_assign` text,
`_liked_by` text,
index creation(creation))
			ENGINE=InnoDB
			ROW_FORMAT=DYNAMIC
			CHARACTER SET=utf8mb4
			COLLATE=utf8mb4_unicode_ci
2025-07-11 03:02:54,436 WARNING database DDL Query made to DB:
create table `tabGL Entry` (
			name varchar(140) primary key,
			creation datetime(6),
			modified datetime(6),
			modified_by varchar(140),
			owner varchar(140),
			docstatus tinyint not null default '0',
			idx int not null default '0',
			`posting_date` date,
`transaction_date` date,
`fiscal_year` varchar(140),
`due_date` date,
`account` varchar(140),
`account_currency` varchar(140),
`against` text,
`party_type` varchar(140),
`party` varchar(140),
`voucher_type` varchar(140),
`voucher_no` varchar(140),
`voucher_subtype` text,
`transaction_currency` varchar(140),
`against_voucher_type` varchar(140),
`against_voucher` varchar(140),
`voucher_detail_no` varchar(140),
`transaction_exchange_rate` decimal(21,9) NOT NULL DEFAULT 0.0,
`debit_in_account_currency` decimal(21,9) NOT NULL DEFAULT 0.0,
`debit` decimal(21,9) NOT NULL DEFAULT 0.0,
`debit_in_transaction_currency` decimal(21,9) NOT NULL DEFAULT 0.0,
`credit_in_account_currency` decimal(21,9) NOT NULL DEFAULT 0.0,
`credit` decimal(21,9) NOT NULL DEFAULT 0.0,
`credit_in_transaction_currency` decimal(21,9) NOT NULL DEFAULT 0.0,
`cost_center` varchar(140),
`project` varchar(140),
`finance_book` varchar(140),
`company` varchar(140),
`is_opening` varchar(140),
`is_advance` varchar(140),
`to_rename` tinyint(4) NOT NULL DEFAULT 1,
`is_cancelled` tinyint(4) NOT NULL DEFAULT 0,
`remarks` text,
`_user_tags` text,
`_comments` text,
`_assign` text,
`_liked_by` text,
index `posting_date`(`posting_date`),
index `account`(`account`),
index `party_type`(`party_type`),
index `party`(`party`),
index `voucher_no`(`voucher_no`),
index `against_voucher`(`against_voucher`),
index `voucher_detail_no`(`voucher_detail_no`),
index `cost_center`(`cost_center`),
index `company`(`company`),
index `to_rename`(`to_rename`),
index creation(creation))
			ENGINE=InnoDB
			ROW_FORMAT=DYNAMIC
			CHARACTER SET=utf8mb4
			COLLATE=utf8mb4_unicode_ci
2025-07-11 03:02:54,454 WARNING database DDL Query made to DB:
ALTER TABLE `tabGL Entry`
				ADD INDEX IF NOT EXISTS `voucher_type_voucher_no_index`(voucher_type, voucher_no)
2025-07-11 03:02:54,458 WARNING database DDL Query made to DB:
ALTER TABLE `tabGL Entry`
				ADD INDEX IF NOT EXISTS `posting_date_company_index`(posting_date, company)
2025-07-11 03:02:54,463 WARNING database DDL Query made to DB:
ALTER TABLE `tabGL Entry`
				ADD INDEX IF NOT EXISTS `party_type_party_index`(party_type, party)
2025-07-11 03:02:54,487 WARNING database DDL Query made to DB:
create table `tabAccounting Dimension` (
			name varchar(140) primary key,
			creation datetime(6),
			modified datetime(6),
			modified_by varchar(140),
			owner varchar(140),
			docstatus tinyint not null default '0',
			idx int not null default '0',
			`document_type` varchar(140),
`label` varchar(140) UNIQUE,
`fieldname` varchar(140),
`disabled` tinyint(4) NOT NULL DEFAULT 0,
`_user_tags` text,
`_comments` text,
`_assign` text,
`_liked_by` text,
index `document_type`(`document_type`),
index creation(creation))
			ENGINE=InnoDB
			ROW_FORMAT=DYNAMIC
			CHARACTER SET=utf8mb4
			COLLATE=utf8mb4_unicode_ci
2025-07-11 03:02:54,537 WARNING database DDL Query made to DB:
create table `tabAccount` (
			name varchar(140) primary key,
			creation datetime(6),
			modified datetime(6),
			modified_by varchar(140),
			owner varchar(140),
			docstatus tinyint not null default '0',
			idx int not null default '0',
			`disabled` tinyint(4) NOT NULL DEFAULT 0,
`account_name` varchar(140),
`account_number` varchar(140),
`is_group` tinyint(4) NOT NULL DEFAULT 0,
`company` varchar(140),
`root_type` varchar(140),
`report_type` varchar(140),
`account_currency` varchar(140),
`parent_account` varchar(140),
`account_type` varchar(140),
`tax_rate` decimal(21,9) NOT NULL DEFAULT 0.0,
`freeze_account` varchar(140),
`balance_must_be` varchar(140),
`lft` int(11) NOT NULL DEFAULT 0,
`rgt` int(11) NOT NULL DEFAULT 0,
`old_parent` varchar(140),
`include_in_gross` tinyint(4) NOT NULL DEFAULT 0,
`_user_tags` text,
`_comments` text,
`_assign` text,
`_liked_by` text,
index `parent_account`(`parent_account`),
index `account_type`(`account_type`),
index `lft`(`lft`),
index `rgt`(`rgt`),
index creation(creation))
			ENGINE=InnoDB
			ROW_FORMAT=DYNAMIC
			CHARACTER SET=utf8mb4
			COLLATE=utf8mb4_unicode_ci
2025-07-11 03:02:54,554 WARNING database DDL Query made to DB:
ALTER TABLE `tabAccount`
				ADD INDEX IF NOT EXISTS `lft_rgt_index`(lft, rgt)
2025-07-11 03:02:54,582 WARNING database DDL Query made to DB:
create table `tabPayment Terms Template` (
			name varchar(140) primary key,
			creation datetime(6),
			modified datetime(6),
			modified_by varchar(140),
			owner varchar(140),
			docstatus tinyint not null default '0',
			idx int not null default '0',
			`template_name` varchar(140) UNIQUE,
`allocate_payment_based_on_payment_terms` tinyint(4) NOT NULL DEFAULT 0,
`_user_tags` text,
`_comments` text,
`_assign` text,
`_liked_by` text,
index creation(creation))
			ENGINE=InnoDB
			ROW_FORMAT=DYNAMIC
			CHARACTER SET=utf8mb4
			COLLATE=utf8mb4_unicode_ci
2025-07-11 03:02:54,654 WARNING database DDL Query made to DB:
create table `tabBank Guarantee` (
			name varchar(140) primary key,
			creation datetime(6),
			modified datetime(6),
			modified_by varchar(140),
			owner varchar(140),
			docstatus tinyint not null default '0',
			idx int not null default '0',
			`bg_type` varchar(140),
`reference_doctype` varchar(140),
`reference_docname` varchar(140),
`customer` varchar(140),
`supplier` varchar(140),
`project` varchar(140),
`amount` decimal(21,9) NOT NULL DEFAULT 0.0,
`start_date` date,
`validity` int(11) NOT NULL DEFAULT 0,
`end_date` date,
`bank` varchar(140),
`bank_account` varchar(140),
`account` varchar(140),
`bank_account_no` varchar(140),
`iban` varchar(140),
`branch_code` varchar(140),
`swift_number` varchar(140),
`more_information` longtext,
`bank_guarantee_number` varchar(140) UNIQUE,
`name_of_beneficiary` varchar(140),
`margin_money` decimal(21,9) NOT NULL DEFAULT 0.0,
`charges` decimal(21,9) NOT NULL DEFAULT 0.0,
`fixed_deposit_number` varchar(140),
`amended_from` varchar(140),
`_user_tags` text,
`_comments` text,
`_assign` text,
`_liked_by` text,
index creation(creation))
			ENGINE=InnoDB
			ROW_FORMAT=DYNAMIC
			CHARACTER SET=utf8mb4
			COLLATE=utf8mb4_unicode_ci
2025-07-11 03:02:54,690 WARNING database DDL Query made to DB:
create table `tabPOS Closing Entry Detail` (
			name varchar(140) primary key,
			creation datetime(6),
			modified datetime(6),
			modified_by varchar(140),
			owner varchar(140),
			docstatus tinyint not null default '0',
			idx int not null default '0',
			`mode_of_payment` varchar(140),
`opening_amount` decimal(21,9) NOT NULL DEFAULT 0.0,
`expected_amount` decimal(21,9) NOT NULL DEFAULT 0.0,
`closing_amount` decimal(21,9) NOT NULL DEFAULT 0.0,
`difference` decimal(21,9) NOT NULL DEFAULT 0.0,
parent varchar(140),
parentfield varchar(140),
parenttype varchar(140),
index parent(parent))
			ENGINE=InnoDB
			ROW_FORMAT=DYNAMIC
			CHARACTER SET=utf8mb4
			COLLATE=utf8mb4_unicode_ci
2025-07-11 03:02:54,727 WARNING database DDL Query made to DB:
create table `tabPayment Schedule` (
			name varchar(140) primary key,
			creation datetime(6),
			modified datetime(6),
			modified_by varchar(140),
			owner varchar(140),
			docstatus tinyint not null default '0',
			idx int not null default '0',
			`payment_term` varchar(140),
`description` text,
`due_date` date,
`mode_of_payment` varchar(140),
`invoice_portion` decimal(21,9) NOT NULL DEFAULT 0.0,
`discount_type` varchar(140) DEFAULT 'Percentage',
`discount_date` date,
`discount` decimal(21,9) NOT NULL DEFAULT 0.0,
`payment_amount` decimal(21,9) NOT NULL DEFAULT 0.0,
`outstanding` decimal(21,9) NOT NULL DEFAULT 0.0,
`paid_amount` decimal(21,9) NOT NULL DEFAULT 0.0,
`discounted_amount` decimal(21,9) NOT NULL DEFAULT 0.0,
`base_payment_amount` decimal(21,9) NOT NULL DEFAULT 0.0,
`base_outstanding` decimal(21,9) NOT NULL DEFAULT 0.0,
`base_paid_amount` decimal(21,9) NOT NULL DEFAULT 0.0,
parent varchar(140),
parentfield varchar(140),
parenttype varchar(140),
index parent(parent))
			ENGINE=InnoDB
			ROW_FORMAT=DYNAMIC
			CHARACTER SET=utf8mb4
			COLLATE=utf8mb4_unicode_ci
2025-07-11 03:02:54,778 WARNING database DDL Query made to DB:
create table `tabBank Account` (
			name varchar(140) primary key,
			creation datetime(6),
			modified datetime(6),
			modified_by varchar(140),
			owner varchar(140),
			docstatus tinyint not null default '0',
			idx int not null default '0',
			`account_name` varchar(140),
`account` varchar(140),
`bank` varchar(140),
`account_type` varchar(140),
`account_subtype` varchar(140),
`disabled` tinyint(4) NOT NULL DEFAULT 0,
`is_default` tinyint(4) NOT NULL DEFAULT 0,
`is_company_account` tinyint(4) NOT NULL DEFAULT 0,
`company` varchar(140),
`party_type` varchar(140),
`party` varchar(140),
`iban` varchar(30),
`branch_code` varchar(140),
`bank_account_no` varchar(30),
`integration_id` varchar(140) UNIQUE,
`last_integration_date` date,
`mask` varchar(140),
`_user_tags` text,
`_comments` text,
`_assign` text,
`_liked_by` text,
index creation(creation))
			ENGINE=InnoDB
			ROW_FORMAT=DYNAMIC
			CHARACTER SET=utf8mb4
			COLLATE=utf8mb4_unicode_ci
2025-07-11 03:02:54,811 WARNING database DDL Query made to DB:
create table `tabSales Taxes and Charges Template` (
			name varchar(140) primary key,
			creation datetime(6),
			modified datetime(6),
			modified_by varchar(140),
			owner varchar(140),
			docstatus tinyint not null default '0',
			idx int not null default '0',
			`title` varchar(140),
`is_default` tinyint(4) NOT NULL DEFAULT 0,
`disabled` tinyint(4) NOT NULL DEFAULT 0,
`company` varchar(140),
`tax_category` varchar(140),
`_user_tags` text,
`_comments` text,
`_assign` text,
`_liked_by` text,
index creation(creation))
			ENGINE=InnoDB
			ROW_FORMAT=DYNAMIC
			CHARACTER SET=utf8mb4
			COLLATE=utf8mb4_unicode_ci
2025-07-11 03:02:54,846 WARNING database DDL Query made to DB:
create table `tabItem Tax Template Detail` (
			name varchar(140) primary key,
			creation datetime(6),
			modified datetime(6),
			modified_by varchar(140),
			owner varchar(140),
			docstatus tinyint not null default '0',
			idx int not null default '0',
			`tax_type` varchar(140),
`tax_rate` decimal(21,9) NOT NULL DEFAULT 0.0,
parent varchar(140),
parentfield varchar(140),
parenttype varchar(140),
index parent(parent))
			ENGINE=InnoDB
			ROW_FORMAT=DYNAMIC
			CHARACTER SET=utf8mb4
			COLLATE=utf8mb4_unicode_ci
2025-07-11 03:02:54,873 WARNING database DDL Query made to DB:
create table `tabPOS Item Group` (
			name varchar(140) primary key,
			creation datetime(6),
			modified datetime(6),
			modified_by varchar(140),
			owner varchar(140),
			docstatus tinyint not null default '0',
			idx int not null default '0',
			`item_group` varchar(140),
parent varchar(140),
parentfield varchar(140),
parenttype varchar(140),
index parent(parent))
			ENGINE=InnoDB
			ROW_FORMAT=DYNAMIC
			CHARACTER SET=utf8mb4
			COLLATE=utf8mb4_unicode_ci
2025-07-11 03:02:54,904 WARNING database DDL Query made to DB:
create table `tabCustomer Group Item` (
			name varchar(140) primary key,
			creation datetime(6),
			modified datetime(6),
			modified_by varchar(140),
			owner varchar(140),
			docstatus tinyint not null default '0',
			idx int not null default '0',
			`customer_group` varchar(140),
parent varchar(140),
parentfield varchar(140),
parenttype varchar(140),
index parent(parent))
			ENGINE=InnoDB
			ROW_FORMAT=DYNAMIC
			CHARACTER SET=utf8mb4
			COLLATE=utf8mb4_unicode_ci
2025-07-11 03:02:54,936 WARNING database DDL Query made to DB:
create table `tabParty Link` (
			name varchar(140) primary key,
			creation datetime(6),
			modified datetime(6),
			modified_by varchar(140),
			owner varchar(140),
			docstatus tinyint not null default '0',
			idx int not null default '0',
			`primary_role` varchar(140),
`secondary_role` varchar(140),
`primary_party` varchar(140),
`secondary_party` varchar(140),
`_user_tags` text,
`_comments` text,
`_assign` text,
`_liked_by` text,
index creation(creation))
			ENGINE=InnoDB
			ROW_FORMAT=DYNAMIC
			CHARACTER SET=utf8mb4
			COLLATE=utf8mb4_unicode_ci
2025-07-11 03:02:54,975 WARNING database DDL Query made to DB:
create table `tabProcess Subscription` (
			name varchar(140) primary key,
			creation datetime(6),
			modified datetime(6),
			modified_by varchar(140),
			owner varchar(140),
			docstatus tinyint not null default '0',
			idx int not null default '0',
			`posting_date` date,
`subscription` varchar(140),
`amended_from` varchar(140),
`_user_tags` text,
`_comments` text,
`_assign` text,
`_liked_by` text,
index creation(creation))
			ENGINE=InnoDB
			ROW_FORMAT=DYNAMIC
			CHARACTER SET=utf8mb4
			COLLATE=utf8mb4_unicode_ci
2025-07-11 03:02:55,035 WARNING database DDL Query made to DB:
create table `tabBank Transaction` (
			name varchar(140) primary key,
			creation datetime(6),
			modified datetime(6),
			modified_by varchar(140),
			owner varchar(140),
			docstatus tinyint not null default '0',
			idx int not null default '0',
			`naming_series` varchar(140) DEFAULT 'ACC-BTN-.YYYY.-',
`date` date,
`status` varchar(140) DEFAULT 'Pending',
`bank_account` varchar(140),
`company` varchar(140),
`amended_from` varchar(140),
`deposit` decimal(21,9) NOT NULL DEFAULT 0.0,
`withdrawal` decimal(21,9) NOT NULL DEFAULT 0.0,
`currency` varchar(140),
`description` text,
`reference_number` varchar(140),
`transaction_id` varchar(140) UNIQUE,
`transaction_type` varchar(50),
`allocated_amount` decimal(21,9) NOT NULL DEFAULT 0.0,
`unallocated_amount` decimal(21,9) NOT NULL DEFAULT 0.0,
`party_type` varchar(140),
`party` varchar(140),
`bank_party_name` varchar(140),
`bank_party_account_number` varchar(140),
`bank_party_iban` varchar(140),
`_user_tags` text,
`_comments` text,
`_assign` text,
`_liked_by` text,
index creation(creation))
			ENGINE=InnoDB
			ROW_FORMAT=DYNAMIC
			CHARACTER SET=utf8mb4
			COLLATE=utf8mb4_unicode_ci
