2025-07-29 18:23:55,310 ERROR scheduler Skipped queueing frappe.desk.form.document_follow.send_hourly_updates because it was found in queue for jumes.localhost
2025-07-29 18:23:55,321 ERROR scheduler Skipped queueing frappe.model.utils.user_settings.sync_user_settings because it was found in queue for jumes.localhost
2025-07-29 18:23:55,322 ERROR scheduler Skipped queueing frappe.core.doctype.prepared_report.prepared_report.expire_stalled_report because it was found in queue for jumes.localhost
2025-07-29 18:23:55,323 ERROR scheduler Skipped queueing frappe.desk.page.backups.backups.delete_downloadable_backups because it was found in queue for jumes.localhost
2025-07-29 18:23:55,324 ERROR scheduler Skipped queueing frappe.twofactor.delete_all_barcodes_for_users because it was found in queue for jumes.localhost
2025-07-29 18:23:55,324 ERROR scheduler Skipped queueing frappe.oauth.delete_oauth2_data because it was found in queue for jumes.localhost
2025-07-29 18:23:55,325 ERROR scheduler Skipped queueing frappe.website.doctype.personal_data_deletion_request.personal_data_deletion_request.process_data_deletion_request because it was found in queue for jumes.localhost
2025-07-29 18:23:55,326 ERROR scheduler Skipped queueing frappe.website.doctype.web_page.web_page.check_publish_status because it was found in queue for jumes.localhost
2025-07-29 18:23:55,332 ERROR scheduler Skipped queueing frappe.twofactor.delete_all_barcodes_for_users because it was found in queue for seowriter.localhost
2025-07-29 18:23:55,333 ERROR scheduler Skipped queueing frappe.core.doctype.prepared_report.prepared_report.expire_stalled_report because it was found in queue for seowriter.localhost
2025-07-29 18:23:55,351 ERROR scheduler Skipped queueing frappe.twofactor.delete_all_barcodes_for_users because it was found in queue for irfan.cabs
2025-07-29 18:23:55,353 ERROR scheduler Skipped queueing frappe.website.doctype.personal_data_deletion_request.personal_data_deletion_request.process_data_deletion_request because it was found in queue for irfan.cabs
2025-07-29 18:23:55,354 ERROR scheduler Skipped queueing frappe.desk.page.backups.backups.delete_downloadable_backups because it was found in queue for irfan.cabs
2025-07-29 18:23:55,355 ERROR scheduler Skipped queueing frappe.oauth.delete_oauth2_data because it was found in queue for irfan.cabs
2025-07-29 18:23:55,355 ERROR scheduler Skipped queueing frappe.model.utils.user_settings.sync_user_settings because it was found in queue for irfan.cabs
2025-07-29 18:23:55,357 ERROR scheduler Skipped queueing frappe.core.doctype.prepared_report.prepared_report.expire_stalled_report because it was found in queue for irfan.cabs
2025-07-29 18:23:55,358 ERROR scheduler Skipped queueing frappe.website.doctype.web_page.web_page.check_publish_status because it was found in queue for irfan.cabs
2025-07-29 18:23:55,359 ERROR scheduler Skipped queueing frappe.desk.form.document_follow.send_hourly_updates because it was found in queue for irfan.cabs
2025-07-29 18:23:55,363 ERROR scheduler Skipped queueing frappe.desk.page.backups.backups.delete_downloadable_backups because it was found in queue for erpnext.localhost
2025-07-29 18:23:55,365 ERROR scheduler Skipped queueing frappe.website.doctype.web_page.web_page.check_publish_status because it was found in queue for erpnext.localhost
2025-07-29 18:23:55,366 ERROR scheduler Skipped queueing frappe.twofactor.delete_all_barcodes_for_users because it was found in queue for erpnext.localhost
2025-07-29 18:23:55,367 ERROR scheduler Skipped queueing frappe.desk.form.document_follow.send_hourly_updates because it was found in queue for erpnext.localhost
2025-07-29 18:23:55,368 ERROR scheduler Skipped queueing frappe.oauth.delete_oauth2_data because it was found in queue for erpnext.localhost
2025-07-29 18:23:55,369 ERROR scheduler Skipped queueing frappe.core.doctype.prepared_report.prepared_report.expire_stalled_report because it was found in queue for erpnext.localhost
2025-07-29 18:23:55,370 ERROR scheduler Skipped queueing frappe.website.doctype.personal_data_deletion_request.personal_data_deletion_request.process_data_deletion_request because it was found in queue for erpnext.localhost
2025-07-29 18:23:55,371 ERROR scheduler Skipped queueing frappe.model.utils.user_settings.sync_user_settings because it was found in queue for erpnext.localhost
2025-07-29 18:24:00,406 ERROR scheduler Skipped queueing frappe.desk.page.backups.backups.delete_downloadable_backups because it was found in queue for irfan.cabs
2025-07-29 18:24:00,407 ERROR scheduler Skipped queueing frappe.core.doctype.prepared_report.prepared_report.expire_stalled_report because it was found in queue for irfan.cabs
2025-07-29 18:24:00,408 ERROR scheduler Skipped queueing frappe.twofactor.delete_all_barcodes_for_users because it was found in queue for irfan.cabs
2025-07-29 18:24:00,411 ERROR scheduler Skipped queueing frappe.website.doctype.personal_data_deletion_request.personal_data_deletion_request.process_data_deletion_request because it was found in queue for irfan.cabs
2025-07-29 18:24:00,413 ERROR scheduler Skipped queueing frappe.desk.form.document_follow.send_hourly_updates because it was found in queue for irfan.cabs
2025-07-29 18:24:00,413 ERROR scheduler Skipped queueing frappe.model.utils.user_settings.sync_user_settings because it was found in queue for irfan.cabs
2025-07-29 18:24:00,421 ERROR scheduler Skipped queueing frappe.oauth.delete_oauth2_data because it was found in queue for irfan.cabs
2025-07-29 18:24:00,422 ERROR scheduler Skipped queueing frappe.website.doctype.web_page.web_page.check_publish_status because it was found in queue for irfan.cabs
2025-07-29 18:24:00,456 ERROR scheduler Skipped queueing frappe.website.doctype.web_page.web_page.check_publish_status because it was found in queue for jumes.localhost
2025-07-29 18:24:00,457 ERROR scheduler Skipped queueing frappe.website.doctype.personal_data_deletion_request.personal_data_deletion_request.process_data_deletion_request because it was found in queue for jumes.localhost
2025-07-29 18:24:00,459 ERROR scheduler Skipped queueing frappe.core.doctype.prepared_report.prepared_report.expire_stalled_report because it was found in queue for jumes.localhost
