2025-07-29 18:23:55,351 ERROR scheduler Skipped queueing frappe.twofactor.delete_all_barcodes_for_users because it was found in queue for irfan.cabs
2025-07-29 18:23:55,353 ERROR scheduler Skipped queueing frappe.website.doctype.personal_data_deletion_request.personal_data_deletion_request.process_data_deletion_request because it was found in queue for irfan.cabs
2025-07-29 18:23:55,354 ERROR scheduler Skipped queueing frappe.desk.page.backups.backups.delete_downloadable_backups because it was found in queue for irfan.cabs
2025-07-29 18:23:55,355 ERROR scheduler Skipped queueing frappe.oauth.delete_oauth2_data because it was found in queue for irfan.cabs
2025-07-29 18:23:55,355 ERROR scheduler Skipped queueing frappe.model.utils.user_settings.sync_user_settings because it was found in queue for irfan.cabs
2025-07-29 18:23:55,357 ERROR scheduler Skipped queueing frappe.core.doctype.prepared_report.prepared_report.expire_stalled_report because it was found in queue for irfan.cabs
2025-07-29 18:23:55,358 ERROR scheduler Skipped queueing frappe.website.doctype.web_page.web_page.check_publish_status because it was found in queue for irfan.cabs
2025-07-29 18:23:55,359 ERROR scheduler Skipped queueing frappe.desk.form.document_follow.send_hourly_updates because it was found in queue for irfan.cabs
2025-07-29 18:24:00,406 ERROR scheduler Skipped queueing frappe.desk.page.backups.backups.delete_downloadable_backups because it was found in queue for irfan.cabs
2025-07-29 18:24:00,407 ERROR scheduler Skipped queueing frappe.core.doctype.prepared_report.prepared_report.expire_stalled_report because it was found in queue for irfan.cabs
2025-07-29 18:24:00,408 ERROR scheduler Skipped queueing frappe.twofactor.delete_all_barcodes_for_users because it was found in queue for irfan.cabs
2025-07-29 18:24:00,411 ERROR scheduler Skipped queueing frappe.website.doctype.personal_data_deletion_request.personal_data_deletion_request.process_data_deletion_request because it was found in queue for irfan.cabs
2025-07-29 18:24:00,413 ERROR scheduler Skipped queueing frappe.desk.form.document_follow.send_hourly_updates because it was found in queue for irfan.cabs
2025-07-29 18:24:00,413 ERROR scheduler Skipped queueing frappe.model.utils.user_settings.sync_user_settings because it was found in queue for irfan.cabs
2025-07-29 18:24:00,421 ERROR scheduler Skipped queueing frappe.oauth.delete_oauth2_data because it was found in queue for irfan.cabs
2025-07-29 18:24:00,422 ERROR scheduler Skipped queueing frappe.website.doctype.web_page.web_page.check_publish_status because it was found in queue for irfan.cabs
2025-07-30 06:56:00,739 ERROR scheduler Skipped queueing frappe.email.doctype.email_account.email_account.pull because it was found in queue for irfan.cabs
2025-07-30 06:56:00,740 ERROR scheduler Skipped queueing frappe.email.queue.flush because it was found in queue for irfan.cabs
2025-07-30 06:56:00,741 ERROR scheduler Skipped queueing frappe.monitor.flush because it was found in queue for irfan.cabs
2025-07-30 06:56:00,743 ERROR scheduler Skipped queueing frappe.integrations.doctype.google_calendar.google_calendar.sync because it was found in queue for irfan.cabs
2025-08-11 00:24:00,684 ERROR scheduler Skipped queueing frappe.core.doctype.prepared_report.prepared_report.expire_stalled_report because it was found in queue for irfan.cabs
2025-08-11 00:24:00,687 ERROR scheduler Skipped queueing frappe.sessions.clear_expired_sessions because it was found in queue for irfan.cabs
2025-08-11 00:24:00,688 ERROR scheduler Skipped queueing frappe.automation.doctype.auto_repeat.auto_repeat.make_auto_repeat_entry because it was found in queue for irfan.cabs
2025-08-11 00:24:00,689 ERROR scheduler Skipped queueing frappe.oauth.delete_oauth2_data because it was found in queue for irfan.cabs
2025-08-11 00:24:00,689 ERROR scheduler Skipped queueing frappe.desk.notifications.clear_notifications because it was found in queue for irfan.cabs
2025-08-11 00:24:00,690 ERROR scheduler Skipped queueing frappe.website.doctype.web_page.web_page.check_publish_status because it was found in queue for irfan.cabs
2025-08-11 00:24:00,692 ERROR scheduler Skipped queueing frappe.twofactor.delete_all_barcodes_for_users because it was found in queue for irfan.cabs
2025-08-11 00:24:00,693 ERROR scheduler Skipped queueing frappe.desk.page.backups.backups.delete_downloadable_backups because it was found in queue for irfan.cabs
2025-08-11 00:24:00,693 ERROR scheduler Skipped queueing frappe.model.utils.user_settings.sync_user_settings because it was found in queue for irfan.cabs
2025-08-11 00:24:00,694 ERROR scheduler Skipped queueing frappe.email.doctype.auto_email_report.auto_email_report.send_daily because it was found in queue for irfan.cabs
2025-08-11 00:24:00,694 ERROR scheduler Skipped queueing frappe.website.doctype.personal_data_deletion_request.personal_data_deletion_request.remove_unverified_record because it was found in queue for irfan.cabs
2025-08-11 00:24:00,695 ERROR scheduler Skipped queueing frappe.core.doctype.log_settings.log_settings.run_log_clean_up because it was found in queue for irfan.cabs
2025-08-11 00:24:00,696 ERROR scheduler Skipped queueing frappe.desk.form.document_follow.send_hourly_updates because it was found in queue for irfan.cabs
2025-08-11 00:24:00,697 ERROR scheduler Skipped queueing frappe.website.doctype.personal_data_deletion_request.personal_data_deletion_request.process_data_deletion_request because it was found in queue for irfan.cabs
